<?xml version="1.0" encoding="UTF-8"?>
<testng-results skipped="0" failed="0" ignored="0" total="1" passed="1">
  <reporter-output>
  </reporter-output>
  <suite name="Suite" duration-ms="80808" started-at="2018-10-07T11:42:40Z" finished-at="2018-10-07T11:44:01Z">
    <groups>
    </groups>
    <test name="Test" duration-ms="80808" started-at="2018-10-07T11:42:40Z" finished-at="2018-10-07T11:44:01Z">
      <class name="test.Login">
        <test-method status="PASS" signature="BorwserConfig()[pri:0, instance:test.Login@7a3d45bd]" name="BorwserConfig" is-config="true" duration-ms="47913" started-at="2018-10-07T11:42:40Z" finished-at="2018-10-07T11:43:28Z">
          <reporter-output>
          </reporter-output>
        </test-method> <!-- BorwserConfig -->
        <test-method status="PASS" signature="login()[pri:0, instance:test.Login@7a3d45bd]" name="login" duration-ms="32834" started-at="2018-10-07T11:43:28Z" finished-at="2018-10-07T11:44:01Z">
          <reporter-output>
          </reporter-output>
        </test-method> <!-- login -->
      </class> <!-- test.Login -->
    </test> <!-- Test -->
  </suite> <!-- Suite -->
</testng-results>
